1564654767.345876 client started (5420): socket /tmp/tmux-1000/default, protocol 8
1564654767.345906 on Linux 4.9.0-9-amd64 #1 SMP Debian 4.9.168-1+deb9u4 (2019-07-19); libevent 2.0.21-stable (poll)
1564654767.345924 socket is /tmp/tmux-1000/default
1564654767.345931 trying connect
1564654767.345988 add peer 0x559a97599ec0: 6 ((nil))
1564654767.346025 sending message 100 to peer 0x559a97599ec0 (4 bytes)
1564654767.346030 sending message 101 to peer 0x559a97599ec0 (7 bytes)
1564654767.346033 sending message 102 to peer 0x559a97599ec0 (11 bytes)
1564654767.346037 sending message 108 to peer 0x559a97599ec0 (62 bytes)
1564654767.346040 sending message 104 to peer 0x559a97599ec0 (0 bytes)
1564654767.346044 sending message 107 to peer 0x559a97599ec0 (4 bytes)
1564654767.346047 sending message 105 to peer 0x559a97599ec0 (21 bytes)
1564654767.346053 sending message 105 to peer 0x559a97599ec0 (17 bytes)
1564654767.346056 sending message 105 to peer 0x559a97599ec0 (21 bytes)
1564654767.346059 sending message 105 to peer 0x559a97599ec0 (8 bytes)
1564654767.346062 sending message 105 to peer 0x559a97599ec0 (18 bytes)
1564654767.346065 sending message 105 to peer 0x559a97599ec0 (32 bytes)
1564654767.346068 sending message 105 to peer 0x559a97599ec0 (1468 bytes)
1564654767.346076 sending message 105 to peer 0x559a97599ec0 (25 bytes)
1564654767.346079 sending message 105 to peer 0x559a97599ec0 (54 bytes)
1564654767.346082 sending message 105 to peer 0x559a97599ec0 (11 bytes)
1564654767.346085 sending message 105 to peer 0x559a97599ec0 (45 bytes)
1564654767.346089 sending message 105 to peer 0x559a97599ec0 (66 bytes)
1564654767.346092 sending message 105 to peer 0x559a97599ec0 (19 bytes)
1564654767.346095 sending message 105 to peer 0x559a97599ec0 (8 bytes)
1564654767.346098 sending message 105 to peer 0x559a97599ec0 (44 bytes)
1564654767.346101 sending message 105 to peer 0x559a97599ec0 (34 bytes)
1564654767.346104 sending message 105 to peer 0x559a97599ec0 (50 bytes)
1564654767.346109 sending message 105 to peer 0x559a97599ec0 (19 bytes)
1564654767.346114 sending message 105 to peer 0x559a97599ec0 (12 bytes)
1564654767.346118 sending message 105 to peer 0x559a97599ec0 (35 bytes)
1564654767.346123 sending message 105 to peer 0x559a97599ec0 (13 bytes)
1564654767.346127 sending message 105 to peer 0x559a97599ec0 (15 bytes)
1564654767.346132 sending message 105 to peer 0x559a97599ec0 (31 bytes)
1564654767.346136 sending message 105 to peer 0x559a97599ec0 (46 bytes)
1564654767.346142 sending message 105 to peer 0x559a97599ec0 (17 bytes)
1564654767.346146 sending message 105 to peer 0x559a97599ec0 (16 bytes)
1564654767.346151 sending message 105 to peer 0x559a97599ec0 (16 bytes)
1564654767.346155 sending message 106 to peer 0x559a97599ec0 (0 bytes)
1564654767.346160 sending message 200 to peer 0x559a97599ec0 (4 bytes)
1564654767.346165 client loop enter
1564654767.346509 peer 0x559a97599ec0 message 211
1564654767.346531 peer 0x559a97599ec0 message 203
1564654767.346535 client loop exit
